<?xml version="1.0" encoding="UTF-8"?>
<testng-results ignored="0" total="1" passed="1" failed="0" skipped="0">
  <reporter-output>
  </reporter-output>
  <suite started-at="2024-03-12T16:42:33 BRT" name="Default suite" finished-at="2024-03-12T16:42:41 BRT" duration-ms="7799">
    <groups>
      <group name="cucumber">
        <method signature="AbstractTestNGCucumberTests.runScenario(io.cucumber.testng.PickleWrapper,io.cucumber.testng.FeatureWrapper)[pri:0, instance:StepDefinitions.TestRunner.CucumberTestRunner@4be29ed9]" name="runScenario" class="io.cucumber.testng.AbstractTestNGCucumberTests"/>
      </group> <!-- cucumber -->
    </groups>
    <test started-at="2024-03-12T16:42:33 BRT" name="Default test" finished-at="2024-03-12T16:42:41 BRT" duration-ms="7799">
      <class name="StepDefinitions.TestRunner.CucumberTestRunner">
        <test-method is-config="true" signature="setUpClass(org.testng.ITestContext)[pri:0, instance:StepDefinitions.TestRunner.CucumberTestRunner@4be29ed9]" started-at="2024-03-12T16:42:33 BRT" name="setUpClass" finished-at="2024-03-12T16:42:34 BRT" duration-ms="1125" status="PASS">
          <params>
            <param index="0">
              <value>
                <![CDATA[org.testng.TestRunner@23eff5d1]]>
              </value>
            </param>
          </params>
          <reporter-output>
          </reporter-output>
        </test-method> <!-- setUpClass -->
        <test-method signature="runScenario(io.cucumber.testng.PickleWrapper,io.cucumber.testng.FeatureWrapper)[pri:0, instance:StepDefinitions.TestRunner.CucumberTestRunner@4be29ed9]" started-at="2024-03-12T16:42:34 BRT" name="runScenario" description="Runs Cucumber Scenarios" data-provider="scenarios" finished-at="2024-03-12T16:42:41 BRT" duration-ms="6507" status="PASS">
          <params>
            <param index="0">
              <value>
                <![CDATA["Check login is sucessful with valid creds"]]>
              </value>
            </param>
            <param index="1">
              <value>
                <![CDATA["Login page Automation of saucedemo App"]]>
              </value>
            </param>
          </params>
          <reporter-output>
          </reporter-output>
        </test-method> <!-- runScenario -->
        <test-method is-config="true" signature="tearDownClass()[pri:0, instance:StepDefinitions.TestRunner.CucumberTestRunner@4be29ed9]" started-at="2024-03-12T16:42:41 BRT" name="tearDownClass" finished-at="2024-03-12T16:42:41 BRT" duration-ms="80" status="PASS">
          <reporter-output>
          </reporter-output>
        </test-method> <!-- tearDownClass -->
      </class> <!-- StepDefinitions.TestRunner.CucumberTestRunner -->
    </test> <!-- Default test -->
  </suite> <!-- Default suite -->
</testng-results>
